<?xml version="1.0" encoding="UTF-8"?>
<!-- Generated by org.testng.reporters.JUnitReportReporter -->
<testsuite hostname="DESKTOP-5REPIVI" failures="0" tests="1" name="com.nopcommerce.testCases.TC_LandingPagePopup_001" time="34.404" errors="0" timestamp="2022-12-10T19:20:32 IST" skipped="0">
  <testcase classname="com.nopcommerce.testCases.TC_LandingPagePopup_001" name="LandingPagePopup" time="34.404"/>
  <system-out/>
</testsuite> <!-- com.nopcommerce.testCases.TC_LandingPagePopup_001 -->
