<?xml version="1.0" encoding="UTF-8"?>
<!-- Generated by org.testng.reporters.JUnitReportReporter -->
<testsuite hostname="DESKTOP-5REPIVI" failures="0" tests="1" name="com.nopcommerce.testCases.TC_AboutUs_002" time="7.817" errors="0" timestamp="2022-12-10T19:20:32 IST" skipped="0">
  <testcase classname="com.nopcommerce.testCases.TC_AboutUs_002" name="AboutUs" time="7.817"/>
  <system-out/>
</testsuite> <!-- com.nopcommerce.testCases.TC_AboutUs_002 -->
